<?xml version="1.0" encoding="UTF-8"?>
<!-- Generated by org.testng.reporters.JUnitXMLReporter -->
<testsuite ignored="0" hostname="vivobook-asuslaptop-x512flc-x512fl" failures="4" tests="8" name="Surefire test" time="77.668" errors="0" timestamp="2023-09-22T11:27:31 IST">
  <testcase classname="Sanitytesting.CellanotationUI.Cell" name="login" time="22.859"/>
  <testcase classname="Sanitytesting.CellanotationUI.Cell" name="sectionselect" time="9.304"/>
  <testcase classname="Sanitytesting.CellanotationUI.Cell" name="cellannotation" time="15.359"/>
  <testcase classname="Sanitytesting.CellanotationUI.Cell" name="celldetection" time="6.673">
    <failure type="org.junit.ComparisonFailure" message="expected:&amp;lt;Relearn [failed]&amp;gt; but was:&amp;lt;Relearn [success]&amp;gt;">
      <![CDATA[org.junit.ComparisonFailure: expected:<Relearn [failed]> but was:<Relearn [success]>
at org.junit.Assert.assertEquals(Assert.java:115)
at org.junit.Assert.assertEquals(Assert.java:144)
at Sanitytesting.CellanotationUI.Cell.celldetection(Cell.java:106)
at java.base/java.util.ArrayList.forEach(ArrayList.java:1511)
... Removed 32 stack frames]]>
    </failure>
  </testcase> <!-- celldetection -->
  <testcase classname="Sanitytesting.CellanotationUI.Cell" name="centroidDetection" time="6.142">
    <failure type="org.junit.ComparisonFailure" message="expected:&amp;lt;Relearn [failed]&amp;gt; but was:&amp;lt;Relearn [success]&amp;gt;">
      <![CDATA[org.junit.ComparisonFailure: expected:<Relearn [failed]> but was:<Relearn [success]>
at org.junit.Assert.assertEquals(Assert.java:115)
at org.junit.Assert.assertEquals(Assert.java:144)
at Sanitytesting.CellanotationUI.Cell.centroidDetection(Cell.java:120)
at java.base/java.util.ArrayList.forEach(ArrayList.java:1511)
... Removed 32 stack frames]]>
    </failure>
  </testcase> <!-- centroidDetection -->
  <testcase classname="Sanitytesting.CellanotationUI.Cell" name="Rabies" time="7.083">
    <failure type="org.junit.ComparisonFailure" message="expected:&amp;lt;Relearn [failed]&amp;gt; but was:&amp;lt;Relearn [success]&amp;gt;">
      <![CDATA[org.junit.ComparisonFailure: expected:<Relearn [failed]> but was:<Relearn [success]>
at org.junit.Assert.assertEquals(Assert.java:115)
at org.junit.Assert.assertEquals(Assert.java:144)
at Sanitytesting.CellanotationUI.Cell.Rabies(Cell.java:136)
at java.base/java.util.ArrayList.forEach(ArrayList.java:1511)
... Removed 32 stack frames]]>
    </failure>
  </testcase> <!-- Rabies -->
  <testcase classname="Sanitytesting.CellanotationUI.Cell" name="Annotation" time="4.14"/>
  <testcase classname="Sanitytesting.CellanotationUI.Cell" name="save" time="5.213">
    <failure type="org.openqa.selenium.NoSuchElementException" message="no such element: Unable to locate element: {&amp;quot;method&amp;quot;:&amp;quot;xpath&amp;quot;,&amp;quot;selector&amp;quot;:&amp;quot;//nb-toast//span[text()=&amp;apos;Save&amp;apos;]/following-sibling::div[@class=&amp;apos;message&amp;apos;]&amp;quot;}
  (Session info: chrome=115.0.5790.110)
For documentation on this error, please visit: https://www.seleniumhq.org/exceptions/no_such_element.html
Build info: version: &amp;apos;3.141.59&amp;apos;, revision: &amp;apos;e82be7d358&amp;apos;, time: &amp;apos;2018-11-14T08:17:03&amp;apos;
System info: host: &amp;apos;vivobook-asuslaptop-x512flc-x512fl&amp;apos;, ip: &amp;apos;10.42.251.191&amp;apos;, os.name: &amp;apos;Linux&amp;apos;, os.arch: &amp;apos;amd64&amp;apos;, os.version: &amp;apos;6.2.0-32-generic&amp;apos;, java.version: &amp;apos;17.0.7&amp;apos;
Driver info: org.openqa.selenium.remote.RemoteWebDriver
Capabilities {acceptInsecureCerts: false, browserName: chrome, browserVersion: 115.0.5790.110, chrome: {chromedriverVersion: 115.0.5790.102 (90efd4b0ad6..., userDataDir: /tmp/.org.chromium.Chromium...}, goog:chromeOptions: {debuggerAddress: localhost:36457}, javascriptEnabled: true, networkConnectionEnabled: false, pageLoadStrategy: normal, platform: LINUX, platformName: LINUX, proxy: Proxy(), se:bidiEnabled: false, se:cdp: ws://172.17.0.3:4444/sessio..., se:cdpVersion: 115.0.5790.110, se:vnc: ws://172.17.0.3:4444/sessio..., se:vncEnabled: true, se:vncLocalAddress: ws://172.17.0.3:7900, setWindowRect: true, strictFileInteractability: false, timeouts: {implicit: 0, pageLoad: 300000, script: 30000}, unhandledPromptBehavior: dismiss and notify, webauthn:extension:credBlob: true, webauthn:extension:largeBlob: true, webauthn:extension:minPinLength: true, webauthn:extension:prf: true, webauthn:virtualAuthenticators: true}
Session ID: fc84e3910af74cf92b63b1c35998086c
*** Element info: {Using=xpath, value=//nb-toast//span[text()=&amp;apos;Save&amp;apos;]/following-sibling::div[@class=&amp;apos;message&amp;apos;]}">
      <![CDATA[org.openqa.selenium.NoSuchElementException: no such element: Unable to locate element: {"method":"xpath","selector":"//nb-toast//span[text()='Save']/following-sibling::div[@class='message']"}
  (Session info: chrome=115.0.5790.110)
For documentation on this error, please visit: https://www.seleniumhq.org/exceptions/no_such_element.html
Build info: version: '3.141.59', revision: 'e82be7d358', time: '2018-11-14T08:17:03'
System info: host: 'vivobook-asuslaptop-x512flc-x512fl', ip: '10.42.251.191', os.name: 'Linux', os.arch: 'amd64', os.version: '6.2.0-32-generic', java.version: '17.0.7'
Driver info: org.openqa.selenium.remote.RemoteWebDriver
Capabilities {acceptInsecureCerts: false, browserName: chrome, browserVersion: 115.0.5790.110, chrome: {chromedriverVersion: 115.0.5790.102 (90efd4b0ad6..., userDataDir: /tmp/.org.chromium.Chromium...}, goog:chromeOptions: {debuggerAddress: localhost:36457}, javascriptEnabled: true, networkConnectionEnabled: false, pageLoadStrategy: normal, platform: LINUX, platformName: LINUX, proxy: Proxy(), se:bidiEnabled: false, se:cdp: ws://172.17.0.3:4444/sessio..., se:cdpVersion: 115.0.5790.110, se:vnc: ws://172.17.0.3:4444/sessio..., se:vncEnabled: true, se:vncLocalAddress: ws://172.17.0.3:7900, setWindowRect: true, strictFileInteractability: false, timeouts: {implicit: 0, pageLoad: 300000, script: 30000}, unhandledPromptBehavior: dismiss and notify, webauthn:extension:credBlob: true, webauthn:extension:largeBlob: true, webauthn:extension:minPinLength: true, webauthn:extension:prf: true, webauthn:virtualAuthenticators: true}
Session ID: fc84e3910af74cf92b63b1c35998086c
*** Element info: {Using=xpath, value=//nb-toast//span[text()='Save']/following-sibling::div[@class='message']}
at org.openqa.selenium.remote.http.W3CHttpResponseCodec.createException(W3CHttpResponseCodec.java:187)
at org.openqa.selenium.remote.http.W3CHttpResponseCodec.decode(W3CHttpResponseCodec.java:122)
at org.openqa.selenium.remote.http.W3CHttpResponseCodec.decode(W3CHttpResponseCodec.java:49)
at org.openqa.selenium.remote.HttpCommandExecutor.execute(HttpCommandExecutor.java:158)
at org.openqa.selenium.remote.RemoteWebDriver.execute(RemoteWebDriver.java:552)
at org.openqa.selenium.remote.RemoteWebDriver.findElement(RemoteWebDriver.java:323)
at org.openqa.selenium.remote.RemoteWebDriver.findElementByXPath(RemoteWebDriver.java:428)
at org.openqa.selenium.By$ByXPath.findElement(By.java:353)
at org.openqa.selenium.remote.RemoteWebDriver.findElement(RemoteWebDriver.java:315)
at Sanitytesting.CellanotationUI.Cell.save(Cell.java:159)
at java.base/java.util.ArrayList.forEach(ArrayList.java:1511)
... Removed 37 stack frames]]>
    </failure>
  </testcase> <!-- save -->
</testsuite> <!-- Surefire test -->
